2023-12-01 09:15:32 User: John Action: Login Status: Success
2023-12-01 09:17:45 User: Emily Action: Download Status: Failed
2023-12-01 09:21:03 User: Dave Action: Upload Status: Success
2023-12-01 09:22:59 User: John Action: Logout Status: Success
2023-12-01 09:30:21 User: Sarah Action: Login Status: Failed
2023-12-01 09:33:10 User: Emily Action: Login Status: Success
2023-12-01 09:35:42 User: Dave Action: Download Status: Success
2023-12-01 09:45:13 User: Sarah Action: Upload Status: Failed
2023-12-01 09:15:32 User: Alice Action: Login Status: Success
2023-12-01 09:15:32 User: Alice Action: Login Status: Success
2023-12-01 09:17:45 User: Bob Action: Download Status: Failed
2023-12-01 09:21:03 User: Charlie Action: Upload Status: Success
2023-12-01 09:22:59 User: Alice Action: Logout Status: Success
2023-12-01 09:30:21 User: David Action: Login Status: Failed
2023-12-01 09:33:10 User: Bob Action: Login Status: Success
2023-12-01 09:35:42 User: Charlie Action: Download Status: Success
2023-12-01 09:45:13 User: David Action: Upload Status: Failed
2023-12-01 09:50:05 User: Alice Action: Download Status: Success
2023-12-01 09:53:22 User: Bob Action: Upload Status: Success
2023-12-01 09:55:41 User: Charlie Action: Logout Status: Success
2023-12-01 09:58:14 User: David Action: Login Status: Failed
2023-12-01 10:02:07 User: Alice Action: Upload Status: Failed
2023-12-01 10:05:33 User: Bob Action: Logout Status: Success
2023-12-01 10:10:12 User: Charlie Action: Login Status: Success
2023-12-01 10:12:45 User: David Action: Download Status: Success
2023-12-01 10:15:29 User: Alice Action: Download Status: Failed
2023-12-01 10:20:18 User: Bob Action: Login Status: Failed
2023-12-01 10:22:39 User: Charlie Action: Logout Status: Success
2023-12-01 10:30:50 User: David Action: Upload Status: Failed
2023-12-01 10:35:26 User: Alice Action: Upload Status: Success
2023-12-01 10:40:15 User: Bob Action: Download Status: Success
2023-12-01 10:42:59 User: Charlie Action: Login Status: Success
2023-12-01 10:45:32 User: David Action: Logout Status: Success
2023-12-01 10:50:21 User: Alice Action: Login Status: Success
2023-12-01 10:53:45 User: Bob Action: Upload Status: Failed
2023-12-01 10:55:59 User: Charlie Action: Download Status: Success
2023-12-01 11:02:10 User: David Action: Login Status: Failed
2023-12-01 11:05:48 User: Alice Action: Logout Status: Success
2023-12-01 11:10:37 User: Bob Action: Login Status: Success
2023-12-01 11:12:59 User: Charlie Action: Upload Status: Failed
2023-12-01 11:15:24 User: David Action: Download Status: Failed
2023-12-01 11:20:11 User: Alice Action: Upload Status: Success
2023-12-01 11:22:45 User: Bob Action: Logout Status: Success
2023-12-01 11:30:18 User: Charlie Action: Login Status: Success
2023-12-01 11:33:50 User: David Action: Logout Status: Success
2023-12-01 11:35:59 User: Alice Action: Download Status: Success
2023-12-01 11:42:07 User: Bob Action: Upload Status: Success
2023-12-01 11:45:33 User: Charlie Action: Download Status: Failed
2023-12-01 11:50:22 User: David Action: Login Status: Failed
2023-12-01 11:53:48 User: Alice Action: Upload Status: Failed
2023-12-01 11:55:59 User: Bob Action: Logout Status: Success
2023-12-01 12:02:10 User: Charlie Action: Login Status: Success
2023-12-01 12:05:38 User: David Action: Download Status: Success
2023-12-01 12:10:29 User: Alice Action: Download Status: Failed
2023-12-01 12:12:50 User: Bob Action: Login Status: Failed
2023-12-01 12:15:24 User: Charlie Action: Logout Status: Success
2023-12-01 12:20:13 User: David Action: Upload Status: Failed
2023-12-01 12:25:07 User: Alice Action: Upload Status: Success
2023-12-01 12:30:45 User: Bob Action: Download Status: Success
2023-12-01 12:32:59 User: Charlie Action: Login Status: Success
2023-12-01 12:35:22 User: David Action: Logout Status: Success
2023-12-01 12:40:11 User: Alice Action: Login Status: Success
2023-12-01 12:42:45 User: Bob Action: Upload Status: Failed
2023-12-01 12:45:59 User: Charlie Action: Download Status: Success
2023-12-01 12:52:10 User: David Action: Login Status: Failed
2023-12-01 12:55:48 User: Alice Action: Logout Status: Success
2023-12-01 13:00:37 User: Bob Action: Login Status: Success
2023-12-01 13:02:59 User: Charlie Action: Upload Status: Failed
2023-12-01 13:05:24 User: David Action: Download Status: Failed
2023-12-01 13:10:11 User: Alice Action: Upload Status: Success
2023-12-01 13:12:45 User: Bob Action: Logout Status: Success
2023-12-01 13:20:18 User: Charlie Action: Login Status: Success
2023-12-01 13:23:50 User: David Action: Logout Status: Success
2023-12-01 13:25:59 User: Alice Action: Download Status: Success
2023-12-01 13:32:07 User: Bob Action: Upload Status: Success
2023-12-01 13:35:33 User: Charlie Action: Download Status: Failed
2023-12-01 13:40:22 User: David Action: Login Status: Failed
2023-12-01 13:43:48 User: Alice Action: Upload Status: Failed
2023-12-01 13:45:59 User: Bob Action: Logout Status: Success
2023-12-01 14:02:10 User: Charlie Action: Login Status: Success
2023-12-01 14:05:38 User: David Action: Download Status: Success
2023-12-01 14:10:29 User: Alice Action: Download Status: Failed
2023-12-01 14:12:50 User: Bob Action: Login Status: Failed
2023-12-01 14:15:24 User: Charlie Action: Logout Status: Success
2023-12-01 14:20:13 User: David Action: Upload Status: Failed
2023-12-01 14:25:07 User: Alice Action: Upload Status: Success
2023-12-01 14:30:45 User: Bob Action: Download Status: Success
2023-12-01 14:32:59 User: Charlie Action: Login Status: Success
2023-12-01 14:35:22 User: David Action: Logout Status: Success
2023-12-01 14:40:11 User: Alice Action: Login Status: Success
2023-12-01 14:42:45 User: Bob Action: Upload Status: Failed
2023-12-01 14:45:59 User: Charlie Action: Download Status: Success
2023-12-01 14:52:10 User: David Action: Login Status: Failed
2023-12-01 14:55:48 User: Alice Action: Logout Status: Success
2023-12-01 15:00:37 User: Bob Action: Login Status: Success
2023-12-01 15:02:59 User: Charlie Action: Upload Status: Failed
2023-12-01 15:05:24 User: David Action: Download Status: Failed
2023-12-01 15:10:11 User: Alice Action: Upload Status: Success
2023-12-01 15:12:45 User: Bob Action: Logout Status: Success
2023-12-01 15:20:18 User: Charlie Action: Login Status: Success
2023-12-01 15:23:50 User: David Action: Logout Status: Success
2023-12-01 15:25:59 User: Alice Action: Download Status: Success
2023-12-01 15:32:07 User: Bob Action: Upload Status: Success
2023-12-01 15:35:33 User: Charlie Action: Download Status: Failed
2023-12-01 15:40:22 User: David Action: Login Status: Failed
2023-12-01 15:43:48 User: Alice Action: Upload Status: Failed
2023-12-01 15:45:59 User: Bob Action: Logout Status: Success
2023-12-01 16:02:10 User: Charlie Action: Login Status: Success
2023-12-01 16:05:38 User: David Action: Download Status: Success
2023-12-01 16:10:29 User: Alice Action: Download Status: Failed
2023-12-01 16:12:50 User: Bob Action: Login Status: Failed
2023-12-01 16:15:24 User: Charlie Action: Logout Status: Success
2023-12-01 16:20:13 User: David Action: Upload Status: Failed
2023-12-01 16:25:07 User: Alice Action: Upload Status: Success
2023-12-01 16:30:45 User: Bob Action: Download Status: Success
2023-12-01 16:32:59 User: Charlie Action: Login Status: Success
2023-12-01 16:35:22 User: David Action: Logout Status: Success
2023-12-01 16:40:11 User: Alice Action: Login Status: Success
2023-12-01 16:42:45 User: Bob Action: Upload Status: Failed
2023-12-01 16:45:59 User: Charlie Action: Download Status: Success
2023-12-01 16:52:10 User: David Action: Login Status: Failed
2023-12-01 16:55:48 User: Alice Action: Logout Status: Success
2023-12-01 17:00:37 User: Bob Action: Login Status: Success
2023-12-01 17:02:59 User: Charlie Action: Upload Status: Failed
2023-12-01 17:05:24 User: David Action: Download Status: Failed
2023-12-01 17:10:11 User: Alice Action: Upload Status: Success
2023-12-01 17:12:45 User: Bob Action: Logout Status: Success
2023-12-01 17:20:18 User: Charlie Action: Login Status: Success
2023-12-01 17:23:50 User: David Action: Logout Status: Success
2023-12-01 17:25:59 User: Alice Action: Download Status: Success
2023-12-01 17:32:07 User: Bob Action: Upload Status: Success
2023-12-01 17:35:33 User: Charlie Action: Download Status: Failed
2023-12-01 17:40:22 User: David Action: Login Status: Failed
2023-12-01 17:43:48 User: Alice Action: Upload Status: Failed
2023-12-01 17:45:59 User: Bob Action: Logout Status: Success
2023-12-01 18:02:10 User: Charlie Action: Login Status: Success
2023-12-01 18:05:38 User: David Action: Download Status: Success
2023-12-01 18:10:29 User: Alice Action: Download Status: Failed
2023-12-01 18:12:50 User: Bob Action: Login Status: Failed
2023-12-01 18:15:24 User: Charlie Action: Logout Status: Success
2023-12-01 18:20:13 User: David Action: Upload Status: Failed
2023-12-01 18:25:07 User: Alice Action: Upload Status: Success
2023-12-01 18:30:45 User: Bob Action: Download Status: Success
2023-12-01 18:32:59 User: Charlie Action: Login Status: Success
2023-12-01 18:35:22 User: David Action: Logout Status: Success
2023-12-01 18:40:11 User: Alice Action: Login Status: Success
2023-12-01 18:42:45 User: Bob Action: Upload Status: Failed
2023-12-01 08:45:21 User: j.smith Action: Login Status: Success
2023-12-01 08:47:39 User: a.jones Action: Download Status: Failed
2023-12-01 08:52:15 User: m.wilson Action: Upload Status: Success
2023-12-01 08:54:27 User: j.smith Action: Logout Status: Success
2023-12-01 09:03:10 User: s.miller Action: Login Status: Failed
2023-12-01 09:08:45 User: a.jones Action: Login Status: Success
2023-12-01 09:15:32 User: m.wilson Action: Download Status: Success
2023-12-01 09:22:10 User: j.smith Action: Upload Status: Failed
2023-12-01 09:30:18 User: s.miller Action: Logout Status: Success
2023-12-01 09:35:59 User: a.jones Action: Download Status: Success
2023-12-01 09:40:21 User: m.wilson Action: Upload Status: Failed
2023-12-01 09:42:55 User: j.smith Action: Logout Status: Success
2023-12-01 09:50:33 User: s.miller Action: Login Status: Success
2023-12-01 09:55:10 User: a.jones Action: Download Status: Success
2023-12-01 10:02:27 User: m.wilson Action: Upload Status: Success
2023-12-01 10:05:44 User: j.smith Action: Login Status: Failed
2023-12-01 10:12:18 User: s.miller Action: Logout Status: Success
2023-12-01 10:17:59 User: a.jones Action: Upload Status: Success
2023-12-01 10:22:45 User: m.wilson Action: Download Status: Failed
2023-12-01 10:30:13 User: j.smith Action: Login Status: Success
2023-12-01 10:35:40 User: s.miller Action: Download Status: Success
2023-12-01 10:40:22 User: a.jones Action: Upload Status: Failed
2023-12-01 10:45:55 User: m.wilson Action: Logout Status: Success
2023-12-01 10:50:32 User: j.smith Action: Download Status: Failed
2023-12-01 10:55:21 User: s.miller Action: Login Status: Success
2023-12-01 11:02:45 User: a.jones Action: Upload Status: Success
2023-12-01 11:07:18 User: m.wilson Action: Download Status: Success
2023-12-01 11:12:59 User: j.smith Action: Logout Status: Success
2023-12-01 11:20:33 User: s.miller Action: Login Status: Success
2023-12-01 11:25:10 User: a.jones Action: Download Status: Success
2023-12-01 11:30:27 User: m.wilson Action: Upload Status: Success
2023-12-01 11:33:44 User: j.smith Action: Login Status: Failed
2023-12-01 11:40:18 User: s.miller Action: Logout Status: Success
2023-12-01 11:45:59 User: a.jones Action: Upload Status: Failed
2023-12-01 11:52:33 User: m.wilson Action: Download Status: Failed
2023-12-01 11:57:10 User: j.smith Action: Login Status: Success
2023-12-01 12:05:21 User: s.miller Action: Download Status: Failed
2023-12-01 12:10:10 User: a.jones Action: Upload Status: Success
2023-12-01 12:15:45 User: m.wilson Action: Logout Status: Success
2023-12-01 12:22:22 User: j.smith Action: Download Status: Success
2023-12-01 12:27:55 User: s.miller Action: Login Status: Success
2023-12-01 12:32:39 User: a.jones Action: Upload Status: Failed
2023-12-01 12:35:59 User: m.wilson Action: Download Status: Success
2023-12-01 12:42:18 User: j.smith Action: Logout Status: Success
2023-12-01 12:50:44 User: s.miller Action: Login Status: Failed
2023-12-01 12:55:21 User: a.jones Action: Download Status: Failed
2023-12-01 13:00:38 User: m.wilson Action: Upload Status: Success
2023-12-01 13:05:19 User: j.smith Action: Login Status: Success
2023-12-01 13:10:55 User: s.miller Action: Logout Status: Success
2023-12-01 13:17:33 User: a.jones Action: Download Status: Success
2023-12-01 13:22:10 User: m.wilson Action: Upload Status: Failed
2023-12-01 13:27:45 User: j.smith Action: Download Status: Success
2023-12-01 13:32:21 User: s.miller Action: Login Status: Success
2023-12-01 13:37:59 User: a.jones Action: Upload Status: Success
2023-12-01 13:42:45 User: m.wilson Action: Logout Status: Success
2023-12-01 13:50:10 User: j.smith Action: Login Status: Failed
2023-12-01 13:55:45 User: s.miller Action: Download Status: Success
2023-12-01 14:00:21 User: a.jones Action: Upload Status: Failed
2023-12-01 14:05:55 User: m.wilson Action: Download Status: Failed
2023-12-01 14:10:32 User: j.smith Action: Logout Status: Success
2023-12-01 14:17:09 User: s.miller Action: Login Status: Success
2023-12-01 14:22:45 User: a.jones Action: Download Status: Success
2023-12-01 08:45:21 User: AliceJohnson Action: Login Status: Success
2023-12-01 08:47:39 User: BobSmith Action: Download Status: Failed
2023-12-01 08:52:15 User: CharlieDavis Action: Upload Status: Success
2023-12-01 08:54:27 User: DavidMiller Action: Logout Status: Success
2023-12-01 09:03:10 User: EmilyWilson Action: Login Status: Failed
2023-12-01 09:08:45 User: FrankJones Action: Login Status: Success
2023-12-01 09:15:32 User: GraceSmith Action: Download Status: Success
2023-12-01 09:22:10 User: HarryDavis Action: Upload Status: Failed
2023-12-01 09:30:18 User: IsabelMiller Action: Logout Status: Success
2023-12-01 09:35:59 User: JackJones Action: Download Status: Success
2023-12-01 09:40:21 User: KellyWilson Action: Upload Status: Failed
2023-12-01 09:42:55 User: LiamSmith Action: Logout Status: Success
2023-12-01 09:50:33 User: NoraMiller Action: Login Status: Success
2023-12-01 09:55:10 User: OscarJones Action: Download Status: Success
2023-12-01 10:02:27 User: PenelopeDavis Action: Upload Status: Success
2023-12-01 10:05:44 User: QuinnWilson Action: Login Status: Failed
2023-12-01 10:12:18 User: RobertSmith Action: Logout Status: Success
2023-12-01 10:17:59 User: SophieMiller Action: Upload Status: Success
2023-12-01 10:22:45 User: TomJones Action: Download Status: Failed
2023-12-01 10:30:13 User: UrsulaDavis Action: Login Status: Success
2023-12-01 10:35:40 User: VictorWilson Action: Download Status: Success
2023-12-01 10:40:22 User: WendySmith Action: Upload Status: Failed
2023-12-01 10:45:55 User: XavierMiller Action: Logout Status: Success
2023-12-01 10:50:32 User: YvonneJones Action: Download Status: Failed
2023-12-01 10:55:21 User: ZacharyDavis Action: Login Status: Success
2023-12-01 11:02:45 User: AliceWilson Action: Upload Status: Success
2023-12-01 11:07:18 User: BobSmith Action: Download Status: Success
2023-12-01 11:12:59 User: CharlieJones Action: Logout Status: Success
2023-12-01 11:20:33 User: DavidMiller Action: Login Status: Failed
2023-12-01 11:25:10 User: EmilyWilson Action: Download Status: Success
2023-12-01 11:30:27 User: FrankJones Action: Upload Status: Success
2023-12-01 11:33:44 User: GraceSmith Action: Login Status: Failed
2023-12-01 11:40:18 User: HarryDavis Action: Logout Status: Success
2023-12-01 11:45:59 User: IsabelMiller Action: Upload Status: Failed
2023-12-01 11:52:33 User: JackJones Action: Download Status: Failed
2023-12-01 11:57:10 User: KellyWilson Action: Login Status: Success
2023-12-01 12:05:21 User: LiamSmith Action: Download Status: Success
2023-12-01 12:10:10 User: NoraMiller Action: Upload Status: Failed
2023-12-01 12:15:45 User: OscarJones Action: Logout Status: Success
2023-12-01 12:22:22 User: PenelopeDavis Action: Download Status: Failed
2023-12-01 12:27:55 User: QuinnWilson Action: Login Status: Success
2023-12-01 12:32:39 User: RobertSmith Action: Upload Status: Success
2023-12-01 12:35:59 User: SophieMiller Action: Download Status: Success
2023-12-01 12:42:18 User: TomJones Action: Logout Status: Success
2023-12-01 12:50:44 User: UrsulaDavis Action: Login Status: Failed
2023-12-01 12:55:21 User: VictorWilson Action: Download Status: Failed
2023-12-01 13:00:38 User: WendySmith Action: Upload Status: Success
2023-12-01 13:05:19 User: XavierMiller Action: Login Status: Success
2023-12-01 13:10:55 User: YvonneJones Action: Logout Status: Success
2023-12-01 13:17:33 User: ZacharyDavis Action: Download Status: Success
2023-12-01 13:22:10 User: AliceWilson Action: Upload Status: Failed
2023-12-01 13:27:45 User: BobSmith Action: Download Status: Failed
2023-12-01 13:32:21 User: CharlieJones Action: Login Status: Success
2023-12-01 13:37:59 User: DavidMiller Action: Logout Status: Success
2023-12-01 13:42:45 User: EmilyWilson Action: Download Status: Failed
2023-12-01 13:50:10 User: FrankJones Action: Upload Status: Failed
2023-12-01 13:55:45 User: GraceSmith Action: Login Status: Success
2023-12-01 14:00:21 User: HarryDavis Action: Download Status: Success
2023-12-01 14:05:55 User: IsabelMiller Action: Upload Status: Success
2023-12-01 14:10:32 User: JackJones Action: Logout Status: Success
2023-12-01 14:17:09 User: KellyWilson Action: Login Status: Success
2023-12-01 14:22:45 User: LiamSmith Action: Download Status: Success
2023-12-01 14:28:18 User: NoraMiller Action: Upload Status: Failed
2023-12-01 14:35:00 User: OscarJones Action: Logout Status: Success
2023-12-01 14:40:32 User: PenelopeDavis Action: Download Status: Failed