./logs/sample.log:2023-12-01 09:17:45 User: Emily Action: Download Status: Failed
./logs/sample.log:2023-12-01 09:30:21 User: Sarah Action: Login Status: Failed
./logs/sample.log:2023-12-01 09:45:13 User: Sarah Action: Upload Status: Failed
./logs/sample.log:2023-12-01 09:17:45 User: Bob Action: Download Status: Failed
./logs/sample.log:2023-12-01 09:30:21 User: David Action: Login Status: Failed
./logs/sample.log:2023-12-01 09:45:13 User: David Action: Upload Status: Failed
./logs/sample.log:2023-12-01 09:58:14 User: David Action: Login Status: Failed
./logs/sample.log:2023-12-01 10:02:07 User: Alice Action: Upload Status: Failed
./logs/sample.log:2023-12-01 10:15:29 User: Alice Action: Download Status: Failed
./logs/sample.log:2023-12-01 10:20:18 User: Bob Action: Login Status: Failed
./logs/sample.log:2023-12-01 10:30:50 User: David Action: Upload Status: Failed
./logs/sample.log:2023-12-01 10:53:45 User: Bob Action: Upload Status: Failed
./logs/sample.log:2023-12-01 11:02:10 User: David Action: Login Status: Failed
./logs/sample.log:2023-12-01 11:12:59 User: Charlie Action: Upload Status: Failed
./logs/sample.log:2023-12-01 11:15:24 User: David Action: Download Status: Failed
./logs/sample.log:2023-12-01 11:45:33 User: Charlie Action: Download Status: Failed
./logs/sample.log:2023-12-01 11:50:22 User: David Action: Login Status: Failed
./logs/sample.log:2023-12-01 11:53:48 User: Alice Action: Upload Status: Failed
./logs/sample.log:2023-12-01 12:10:29 User: Alice Action: Download Status: Failed
./logs/sample.log:2023-12-01 12:12:50 User: Bob Action: Login Status: Failed
./logs/sample.log:2023-12-01 12:20:13 User: David Action: Upload Status: Failed
./logs/sample.log:2023-12-01 12:42:45 User: Bob Action: Upload Status: Failed
./logs/sample.log:2023-12-01 12:52:10 User: David Action: Login Status: Failed
./logs/sample.log:2023-12-01 13:02:59 User: Charlie Action: Upload Status: Failed
./logs/sample.log:2023-12-01 13:05:24 User: David Action: Download Status: Failed
./logs/sample.log:2023-12-01 13:35:33 User: Charlie Action: Download Status: Failed
./logs/sample.log:2023-12-01 13:40:22 User: David Action: Login Status: Failed
./logs/sample.log:2023-12-01 13:43:48 User: Alice Action: Upload Status: Failed
./logs/sample.log:2023-12-01 14:10:29 User: Alice Action: Download Status: Failed
./logs/sample.log:2023-12-01 14:12:50 User: Bob Action: Login Status: Failed
./logs/sample.log:2023-12-01 14:20:13 User: David Action: Upload Status: Failed
./logs/sample.log:2023-12-01 14:42:45 User: Bob Action: Upload Status: Failed
./logs/sample.log:2023-12-01 14:52:10 User: David Action: Login Status: Failed
./logs/sample.log:2023-12-01 15:02:59 User: Charlie Action: Upload Status: Failed
./logs/sample.log:2023-12-01 15:05:24 User: David Action: Download Status: Failed
./logs/sample.log:2023-12-01 15:35:33 User: Charlie Action: Download Status: Failed
./logs/sample.log:2023-12-01 15:40:22 User: David Action: Login Status: Failed
./logs/sample.log:2023-12-01 15:43:48 User: Alice Action: Upload Status: Failed
./logs/sample.log:2023-12-01 16:10:29 User: Alice Action: Download Status: Failed
./logs/sample.log:2023-12-01 16:12:50 User: Bob Action: Login Status: Failed
./logs/sample.log:2023-12-01 16:20:13 User: David Action: Upload Status: Failed
./logs/sample.log:2023-12-01 16:42:45 User: Bob Action: Upload Status: Failed
./logs/sample.log:2023-12-01 16:52:10 User: David Action: Login Status: Failed
./logs/sample.log:2023-12-01 17:02:59 User: Charlie Action: Upload Status: Failed
./logs/sample.log:2023-12-01 17:05:24 User: David Action: Download Status: Failed
./logs/sample.log:2023-12-01 17:35:33 User: Charlie Action: Download Status: Failed
./logs/sample.log:2023-12-01 17:40:22 User: David Action: Login Status: Failed
./logs/sample.log:2023-12-01 17:43:48 User: Alice Action: Upload Status: Failed
./logs/sample.log:2023-12-01 18:10:29 User: Alice Action: Download Status: Failed
./logs/sample.log:2023-12-01 18:12:50 User: Bob Action: Login Status: Failed
./logs/sample.log:2023-12-01 18:20:13 User: David Action: Upload Status: Failed
./logs/sample.log:2023-12-01 18:42:45 User: Bob Action: Upload Status: Failed
./logs/sample.log:2023-12-01 08:47:39 User: a.jones Action: Download Status: Failed
./logs/sample.log:2023-12-01 09:03:10 User: s.miller Action: Login Status: Failed
./logs/sample.log:2023-12-01 09:22:10 User: j.smith Action: Upload Status: Failed
./logs/sample.log:2023-12-01 09:40:21 User: m.wilson Action: Upload Status: Failed
./logs/sample.log:2023-12-01 10:05:44 User: j.smith Action: Login Status: Failed
./logs/sample.log:2023-12-01 10:22:45 User: m.wilson Action: Download Status: Failed
./logs/sample.log:2023-12-01 10:40:22 User: a.jones Action: Upload Status: Failed
./logs/sample.log:2023-12-01 10:50:32 User: j.smith Action: Download Status: Failed
./logs/sample.log:2023-12-01 11:33:44 User: j.smith Action: Login Status: Failed
./logs/sample.log:2023-12-01 11:45:59 User: a.jones Action: Upload Status: Failed
./logs/sample.log:2023-12-01 11:52:33 User: m.wilson Action: Download Status: Failed
./logs/sample.log:2023-12-01 12:05:21 User: s.miller Action: Download Status: Failed
./logs/sample.log:2023-12-01 12:32:39 User: a.jones Action: Upload Status: Failed
./logs/sample.log:2023-12-01 12:50:44 User: s.miller Action: Login Status: Failed
./logs/sample.log:2023-12-01 12:55:21 User: a.jones Action: Download Status: Failed
./logs/sample.log:2023-12-01 13:22:10 User: m.wilson Action: Upload Status: Failed
./logs/sample.log:2023-12-01 13:50:10 User: j.smith Action: Login Status: Failed
./logs/sample.log:2023-12-01 14:00:21 User: a.jones Action: Upload Status: Failed
./logs/sample.log:2023-12-01 14:05:55 User: m.wilson Action: Download Status: Failed
./logs/sample.log:2023-12-01 08:47:39 User: BobSmith Action: Download Status: Failed
./logs/sample.log:2023-12-01 09:03:10 User: EmilyWilson Action: Login Status: Failed
./logs/sample.log:2023-12-01 09:22:10 User: HarryDavis Action: Upload Status: Failed
./logs/sample.log:2023-12-01 09:40:21 User: KellyWilson Action: Upload Status: Failed
./logs/sample.log:2023-12-01 10:05:44 User: QuinnWilson Action: Login Status: Failed
./logs/sample.log:2023-12-01 10:22:45 User: TomJones Action: Download Status: Failed
./logs/sample.log:2023-12-01 10:40:22 User: WendySmith Action: Upload Status: Failed
./logs/sample.log:2023-12-01 10:50:32 User: YvonneJones Action: Download Status: Failed
./logs/sample.log:2023-12-01 11:20:33 User: DavidMiller Action: Login Status: Failed
./logs/sample.log:2023-12-01 11:33:44 User: GraceSmith Action: Login Status: Failed
./logs/sample.log:2023-12-01 11:45:59 User: IsabelMiller Action: Upload Status: Failed
./logs/sample.log:2023-12-01 11:52:33 User: JackJones Action: Download Status: Failed
./logs/sample.log:2023-12-01 12:10:10 User: NoraMiller Action: Upload Status: Failed
./logs/sample.log:2023-12-01 12:22:22 User: PenelopeDavis Action: Download Status: Failed
./logs/sample.log:2023-12-01 12:50:44 User: UrsulaDavis Action: Login Status: Failed
./logs/sample.log:2023-12-01 12:55:21 User: VictorWilson Action: Download Status: Failed
./logs/sample.log:2023-12-01 13:22:10 User: AliceWilson Action: Upload Status: Failed
./logs/sample.log:2023-12-01 13:27:45 User: BobSmith Action: Download Status: Failed
./logs/sample.log:2023-12-01 13:42:45 User: EmilyWilson Action: Download Status: Failed
./logs/sample.log:2023-12-01 13:50:10 User: FrankJones Action: Upload Status: Failed
./logs/sample.log:2023-12-01 14:28:18 User: NoraMiller Action: Upload Status: Failed
./logs/sample.log:2023-12-01 14:40:32 User: PenelopeDavis Action: Download Status: Failed
./logs/sample1.log:2023-12-01 09:17:45 User: Emily Action: Download Status: Failed
./logs/sample1.log:2023-12-01 09:30:21 User: Sarah Action: Login Status: Failed
./logs/sample1.log:2023-12-01 09:45:13 User: Sarah Action: Upload Status: Failed
./logs/sample1.log:2023-12-01 09:17:45 User: Bob Action: Download Status: Failed
./logs/sample1.log:2023-12-01 09:30:21 User: David Action: Login Status: Failed
./logs/sample1.log:2023-12-01 09:45:13 User: David Action: Upload Status: Failed
./logs/sample1.log:2023-12-01 09:58:14 User: David Action: Login Status: Failed
./logs/sample1.log:2023-12-01 10:02:07 User: Alice Action: Upload Status: Failed
./logs/sample1.log:2023-12-01 10:15:29 User: Alice Action: Download Status: Failed
./logs/sample1.log:2023-12-01 10:20:18 User: Bob Action: Login Status: Failed
./logs/sample1.log:2023-12-01 10:30:50 User: David Action: Upload Status: Failed
./logs/sample1.log:2023-12-01 10:53:45 User: Bob Action: Upload Status: Failed
./logs/sample1.log:2023-12-01 11:02:10 User: David Action: Login Status: Failed
./logs/sample1.log:2023-12-01 11:12:59 User: Charlie Action: Upload Status: Failed
./logs/sample1.log:2023-12-01 11:15:24 User: David Action: Download Status: Failed
./logs/sample1.log:2023-12-01 11:45:33 User: Charlie Action: Download Status: Failed
./logs/sample1.log:2023-12-01 11:50:22 User: David Action: Login Status: Failed
./logs/sample1.log:2023-12-01 11:53:48 User: Alice Action: Upload Status: Failed
./logs/sample1.log:2023-12-01 12:10:29 User: Alice Action: Download Status: Failed
./logs/sample1.log:2023-12-01 12:12:50 User: Bob Action: Login Status: Failed
./logs/sample1.log:2023-12-01 12:20:13 User: David Action: Upload Status: Failed
./logs/sample1.log:2023-12-01 12:42:45 User: Bob Action: Upload Status: Failed
./logs/sample1.log:2023-12-01 12:52:10 User: David Action: Login Status: Failed
./logs/sample1.log:2023-12-01 13:02:59 User: Charlie Action: Upload Status: Failed
./logs/sample1.log:2023-12-01 13:05:24 User: David Action: Download Status: Failed
./logs/sample1.log:2023-12-01 13:35:33 User: Charlie Action: Download Status: Failed
./logs/sample1.log:2023-12-01 13:40:22 User: David Action: Login Status: Failed
./logs/sample1.log:2023-12-01 13:43:48 User: Alice Action: Upload Status: Failed
./logs/sample1.log:2023-12-01 14:10:29 User: Alice Action: Download Status: Failed
./logs/sample1.log:2023-12-01 14:12:50 User: Bob Action: Login Status: Failed
./logs/sample1.log:2023-12-01 14:20:13 User: David Action: Upload Status: Failed
./logs/sample1.log:2023-12-01 14:42:45 User: Bob Action: Upload Status: Failed
./logs/sample1.log:2023-12-01 14:52:10 User: David Action: Login Status: Failed
./logs/sample1.log:2023-12-01 15:02:59 User: Charlie Action: Upload Status: Failed
./logs/sample1.log:2023-12-01 15:05:24 User: David Action: Download Status: Failed
./logs/sample1.log:2023-12-01 15:35:33 User: Charlie Action: Download Status: Failed
./logs/sample1.log:2023-12-01 15:40:22 User: David Action: Login Status: Failed
./logs/sample1.log:2023-12-01 15:43:48 User: Alice Action: Upload Status: Failed
./logs/sample1.log:2023-12-01 16:10:29 User: Alice Action: Download Status: Failed
./logs/sample1.log:2023-12-01 16:12:50 User: Bob Action: Login Status: Failed
./logs/sample1.log:2023-12-01 16:20:13 User: David Action: Upload Status: Failed
./logs/sample1.log:2023-12-01 16:42:45 User: Bob Action: Upload Status: Failed
./logs/sample1.log:2023-12-01 16:52:10 User: David Action: Login Status: Failed
./logs/sample1.log:2023-12-01 17:02:59 User: Charlie Action: Upload Status: Failed
./logs/sample1.log:2023-12-01 17:05:24 User: David Action: Download Status: Failed
./logs/sample1.log:2023-12-01 17:35:33 User: Charlie Action: Download Status: Failed
./logs/sample1.log:2023-12-01 17:40:22 User: David Action: Login Status: Failed
./logs/sample1.log:2023-12-01 17:43:48 User: Alice Action: Upload Status: Failed
./logs/sample1.log:2023-12-01 18:10:29 User: Alice Action: Download Status: Failed
./logs/sample1.log:2023-12-01 18:12:50 User: Bob Action: Login Status: Failed
./logs/sample1.log:2023-12-01 18:20:13 User: David Action: Upload Status: Failed
./logs/sample1.log:2023-12-01 18:42:45 User: Bob Action: Upload Status: Failed
./logs/sample1.log:2023-12-01 08:47:39 User: a.jones Action: Download Status: Failed
./logs/sample1.log:2023-12-01 09:03:10 User: s.miller Action: Login Status: Failed
./logs/sample1.log:2023-12-01 09:22:10 User: j.smith Action: Upload Status: Failed
./logs/sample1.log:2023-12-01 09:40:21 User: m.wilson Action: Upload Status: Failed
./logs/sample1.log:2023-12-01 10:05:44 User: j.smith Action: Login Status: Failed
./logs/sample1.log:2023-12-01 10:22:45 User: m.wilson Action: Download Status: Failed
./logs/sample1.log:2023-12-01 10:40:22 User: a.jones Action: Upload Status: Failed
./logs/sample1.log:2023-12-01 10:50:32 User: j.smith Action: Download Status: Failed
./logs/sample1.log:2023-12-01 11:33:44 User: j.smith Action: Login Status: Failed
./logs/sample1.log:2023-12-01 11:45:59 User: a.jones Action: Upload Status: Failed
./logs/sample1.log:2023-12-01 11:52:33 User: m.wilson Action: Download Status: Failed
./logs/sample1.log:2023-12-01 12:05:21 User: s.miller Action: Download Status: Failed
./logs/sample1.log:2023-12-01 12:32:39 User: a.jones Action: Upload Status: Failed
./logs/sample1.log:2023-12-01 12:50:44 User: s.miller Action: Login Status: Failed
./logs/sample1.log:2023-12-01 12:55:21 User: a.jones Action: Download Status: Failed
./logs/sample1.log:2023-12-01 13:22:10 User: m.wilson Action: Upload Status: Failed
./logs/sample1.log:2023-12-01 13:50:10 User: j.smith Action: Login Status: Failed
./logs/sample1.log:2023-12-01 14:00:21 User: a.jones Action: Upload Status: Failed
./logs/sample1.log:2023-12-01 14:05:55 User: m.wilson Action: Download Status: Failed
./logs/sample1.log:2023-12-01 08:47:39 User: BobSmith Action: Download Status: Failed
./logs/sample1.log:2023-12-01 09:03:10 User: EmilyWilson Action: Login Status: Failed
./logs/sample1.log:2023-12-01 09:22:10 User: HarryDavis Action: Upload Status: Failed
./logs/sample1.log:2023-12-01 09:40:21 User: KellyWilson Action: Upload Status: Failed
./logs/sample1.log:2023-12-01 10:05:44 User: QuinnWilson Action: Login Status: Failed
./logs/sample1.log:2023-12-01 10:22:45 User: TomJones Action: Download Status: Failed
./logs/sample1.log:2023-12-01 10:40:22 User: WendySmith Action: Upload Status: Failed
./logs/sample1.log:2023-12-01 10:50:32 User: YvonneJones Action: Download Status: Failed
./logs/sample1.log:2023-12-01 11:20:33 User: DavidMiller Action: Login Status: Failed
./logs/sample1.log:2023-12-01 11:33:44 User: GraceSmith Action: Login Status: Failed
./logs/sample1.log:2023-12-01 11:45:59 User: IsabelMiller Action: Upload Status: Failed
./logs/sample1.log:2023-12-01 11:52:33 User: JackJones Action: Download Status: Failed
./logs/sample1.log:2023-12-01 12:10:10 User: NoraMiller Action: Upload Status: Failed
./logs/sample1.log:2023-12-01 12:22:22 User: PenelopeDavis Action: Download Status: Failed
./logs/sample1.log:2023-12-01 12:50:44 User: UrsulaDavis Action: Login Status: Failed
./logs/sample1.log:2023-12-01 12:55:21 User: VictorWilson Action: Download Status: Failed
./logs/sample1.log:2023-12-01 13:22:10 User: AliceWilson Action: Upload Status: Failed
./logs/sample1.log:2023-12-01 13:27:45 User: BobSmith Action: Download Status: Failed
./logs/sample1.log:2023-12-01 13:42:45 User: EmilyWilson Action: Download Status: Failed
./logs/sample1.log:2023-12-01 13:50:10 User: FrankJones Action: Upload Status: Failed
./logs/sample1.log:2023-12-01 14:28:18 User: NoraMiller Action: Upload Status: Failed
./logs/sample1.log:2023-12-01 14:40:32 User: PenelopeDavis Action: Download Status: Failed
./logs/sample2.log:2023-12-01 09:17:45 User: Emily Action: Download Status: Failed
./logs/sample2.log:2023-12-01 09:30:21 User: Sarah Action: Login Status: Failed
./logs/sample2.log:2023-12-01 09:45:13 User: Sarah Action: Upload Status: Failed
./logs/sample2.log:2023-12-01 09:17:45 User: Bob Action: Download Status: Failed
./logs/sample2.log:2023-12-01 09:30:21 User: David Action: Login Status: Failed
./logs/sample2.log:2023-12-01 09:45:13 User: David Action: Upload Status: Failed
./logs/sample2.log:2023-12-01 09:58:14 User: David Action: Login Status: Failed
./logs/sample2.log:2023-12-01 10:02:07 User: Alice Action: Upload Status: Failed
./logs/sample2.log:2023-12-01 10:15:29 User: Alice Action: Download Status: Failed
./logs/sample2.log:2023-12-01 10:20:18 User: Bob Action: Login Status: Failed
./logs/sample2.log:2023-12-01 10:30:50 User: David Action: Upload Status: Failed
./logs/sample2.log:2023-12-01 10:53:45 User: Bob Action: Upload Status: Failed
./logs/sample2.log:2023-12-01 11:02:10 User: David Action: Login Status: Failed
./logs/sample2.log:2023-12-01 11:12:59 User: Charlie Action: Upload Status: Failed
./logs/sample2.log:2023-12-01 11:15:24 User: David Action: Download Status: Failed
./logs/sample2.log:2023-12-01 11:45:33 User: Charlie Action: Download Status: Failed
./logs/sample2.log:2023-12-01 11:50:22 User: David Action: Login Status: Failed
./logs/sample2.log:2023-12-01 11:53:48 User: Alice Action: Upload Status: Failed
./logs/sample2.log:2023-12-01 12:10:29 User: Alice Action: Download Status: Failed
./logs/sample2.log:2023-12-01 12:12:50 User: Bob Action: Login Status: Failed
./logs/sample2.log:2023-12-01 12:20:13 User: David Action: Upload Status: Failed
./logs/sample2.log:2023-12-01 12:42:45 User: Bob Action: Upload Status: Failed
./logs/sample2.log:2023-12-01 12:52:10 User: David Action: Login Status: Failed
./logs/sample2.log:2023-12-01 13:02:59 User: Charlie Action: Upload Status: Failed
./logs/sample2.log:2023-12-01 13:05:24 User: David Action: Download Status: Failed
./logs/sample2.log:2023-12-01 13:35:33 User: Charlie Action: Download Status: Failed
./logs/sample2.log:2023-12-01 13:40:22 User: David Action: Login Status: Failed
./logs/sample2.log:2023-12-01 13:43:48 User: Alice Action: Upload Status: Failed
./logs/sample2.log:2023-12-01 14:10:29 User: Alice Action: Download Status: Failed
./logs/sample2.log:2023-12-01 14:12:50 User: Bob Action: Login Status: Failed
./logs/sample2.log:2023-12-01 14:20:13 User: David Action: Upload Status: Failed
./logs/sample2.log:2023-12-01 14:42:45 User: Bob Action: Upload Status: Failed
./logs/sample2.log:2023-12-01 14:52:10 User: David Action: Login Status: Failed
./logs/sample2.log:2023-12-01 15:02:59 User: Charlie Action: Upload Status: Failed
./logs/sample2.log:2023-12-01 15:05:24 User: David Action: Download Status: Failed
./logs/sample2.log:2023-12-01 15:35:33 User: Charlie Action: Download Status: Failed
./logs/sample2.log:2023-12-01 15:40:22 User: David Action: Login Status: Failed
./logs/sample2.log:2023-12-01 15:43:48 User: Alice Action: Upload Status: Failed
./logs/sample2.log:2023-12-01 16:10:29 User: Alice Action: Download Status: Failed
./logs/sample2.log:2023-12-01 16:12:50 User: Bob Action: Login Status: Failed
./logs/sample2.log:2023-12-01 16:20:13 User: David Action: Upload Status: Failed
./logs/sample2.log:2023-12-01 16:42:45 User: Bob Action: Upload Status: Failed
./logs/sample2.log:2023-12-01 16:52:10 User: David Action: Login Status: Failed
./logs/sample2.log:2023-12-01 17:02:59 User: Charlie Action: Upload Status: Failed
./logs/sample2.log:2023-12-01 17:05:24 User: David Action: Download Status: Failed
./logs/sample2.log:2023-12-01 17:35:33 User: Charlie Action: Download Status: Failed
./logs/sample2.log:2023-12-01 17:40:22 User: David Action: Login Status: Failed
./logs/sample2.log:2023-12-01 17:43:48 User: Alice Action: Upload Status: Failed
./logs/sample2.log:2023-12-01 18:10:29 User: Alice Action: Download Status: Failed
./logs/sample2.log:2023-12-01 18:12:50 User: Bob Action: Login Status: Failed
./logs/sample2.log:2023-12-01 18:20:13 User: David Action: Upload Status: Failed
./logs/sample2.log:2023-12-01 18:42:45 User: Bob Action: Upload Status: Failed
./logs/sample2.log:2023-12-01 08:47:39 User: a.jones Action: Download Status: Failed
./logs/sample2.log:2023-12-01 09:03:10 User: s.miller Action: Login Status: Failed
./logs/sample2.log:2023-12-01 09:22:10 User: j.smith Action: Upload Status: Failed
./logs/sample2.log:2023-12-01 09:40:21 User: m.wilson Action: Upload Status: Failed
./logs/sample2.log:2023-12-01 10:05:44 User: j.smith Action: Login Status: Failed
./logs/sample2.log:2023-12-01 10:22:45 User: m.wilson Action: Download Status: Failed
./logs/sample2.log:2023-12-01 10:40:22 User: a.jones Action: Upload Status: Failed
./logs/sample2.log:2023-12-01 10:50:32 User: j.smith Action: Download Status: Failed
./logs/sample2.log:2023-12-01 11:33:44 User: j.smith Action: Login Status: Failed
./logs/sample2.log:2023-12-01 11:45:59 User: a.jones Action: Upload Status: Failed
./logs/sample2.log:2023-12-01 11:52:33 User: m.wilson Action: Download Status: Failed
./logs/sample2.log:2023-12-01 12:05:21 User: s.miller Action: Download Status: Failed
./logs/sample2.log:2023-12-01 12:32:39 User: a.jones Action: Upload Status: Failed
./logs/sample2.log:2023-12-01 12:50:44 User: s.miller Action: Login Status: Failed
./logs/sample2.log:2023-12-01 12:55:21 User: a.jones Action: Download Status: Failed
./logs/sample2.log:2023-12-01 13:22:10 User: m.wilson Action: Upload Status: Failed
./logs/sample2.log:2023-12-01 13:50:10 User: j.smith Action: Login Status: Failed
./logs/sample2.log:2023-12-01 14:00:21 User: a.jones Action: Upload Status: Failed
./logs/sample2.log:2023-12-01 14:05:55 User: m.wilson Action: Download Status: Failed
./logs/sample2.log:2023-12-01 08:47:39 User: BobSmith Action: Download Status: Failed
./logs/sample2.log:2023-12-01 09:03:10 User: EmilyWilson Action: Login Status: Failed
./logs/sample2.log:2023-12-01 09:22:10 User: HarryDavis Action: Upload Status: Failed
./logs/sample2.log:2023-12-01 09:40:21 User: KellyWilson Action: Upload Status: Failed
./logs/sample2.log:2023-12-01 10:05:44 User: QuinnWilson Action: Login Status: Failed
./logs/sample2.log:2023-12-01 10:22:45 User: TomJones Action: Download Status: Failed
./logs/sample2.log:2023-12-01 10:40:22 User: WendySmith Action: Upload Status: Failed
./logs/sample2.log:2023-12-01 10:50:32 User: YvonneJones Action: Download Status: Failed
./logs/sample2.log:2023-12-01 11:20:33 User: DavidMiller Action: Login Status: Failed
./logs/sample2.log:2023-12-01 11:33:44 User: GraceSmith Action: Login Status: Failed
./logs/sample2.log:2023-12-01 11:45:59 User: IsabelMiller Action: Upload Status: Failed
./logs/sample2.log:2023-12-01 11:52:33 User: JackJones Action: Download Status: Failed
./logs/sample2.log:2023-12-01 12:10:10 User: NoraMiller Action: Upload Status: Failed
./logs/sample2.log:2023-12-01 12:22:22 User: PenelopeDavis Action: Download Status: Failed
./logs/sample2.log:2023-12-01 12:50:44 User: UrsulaDavis Action: Login Status: Failed
./logs/sample2.log:2023-12-01 12:55:21 User: VictorWilson Action: Download Status: Failed
./logs/sample2.log:2023-12-01 13:22:10 User: AliceWilson Action: Upload Status: Failed
./logs/sample2.log:2023-12-01 13:27:45 User: BobSmith Action: Download Status: Failed
./logs/sample2.log:2023-12-01 13:42:45 User: EmilyWilson Action: Download Status: Failed
./logs/sample2.log:2023-12-01 13:50:10 User: FrankJones Action: Upload Status: Failed
./logs/sample2.log:2023-12-01 14:28:18 User: NoraMiller Action: Upload Status: Failed
./logs/sample2.log:2023-12-01 14:40:32 User: PenelopeDavis Action: Download Status: Failed
