John: Login
Emily: Download
Dave: Upload
John: Logout
Sarah: Login
Emily: Login
Dave: Download
Sarah: Upload
Alice: Login
Alice: Login
Bob: Download
Charlie: Upload
Alice: Logout
David: Login
Bob: Login
Charlie: Download
David: Upload
Alice: Download
Bob: Upload
Charlie: Logout
David: Login
Alice: Upload
Bob: Logout
Charlie: Login
David: Download
Alice: Download
Bob: Login
Charlie: Logout
David: Upload
Alice: Upload
Bob: Download
Charlie: Login
David: Logout
Alice: Login
Bob: Upload
Charlie: Download
David: Login
Alice: Logout
Bob: Login
Charlie: Upload
David: Download
Alice: Upload
Bob: Logout
Charlie: Login
David: Logout
Alice: Download
Bob: Upload
Charlie: Download
David: Login
Alice: Upload
Bob: Logout
Charlie: Login
David: Download
Alice: Download
Bob: Login
Charlie: Logout
David: Upload
Alice: Upload
Bob: Download
Charlie: Login
David: Logout
Alice: Login
Bob: Upload
Charlie: Download
David: Login
Alice: Logout
Bob: Login
Charlie: Upload
David: Download
Alice: Upload
Bob: Logout
Charlie: Login
David: Logout
Alice: Download
Bob: Upload
Charlie: Download
David: Login
Alice: Upload
Bob: Logout
Charlie: Login
David: Download
Alice: Download
Bob: Login
Charlie: Logout
David: Upload
Alice: Upload
Bob: Download
Charlie: Login
David: Logout
Alice: Login
Bob: Upload
Charlie: Download
David: Login
Alice: Logout
Bob: Login
Charlie: Upload
David: Download
Alice: Upload
Bob: Logout
Charlie: Login
David: Logout
Alice: Download
Bob: Upload
Charlie: Download
David: Login
Alice: Upload
Bob: Logout
Charlie: Login
David: Download
Alice: Download
Bob: Login
Charlie: Logout
David: Upload
Alice: Upload
Bob: Download
Charlie: Login
David: Logout
Alice: Login
Bob: Upload
Charlie: Download
David: Login
Alice: Logout
Bob: Login
Charlie: Upload
David: Download
Alice: Upload
Bob: Logout
Charlie: Login
David: Logout
Alice: Download
Bob: Upload
Charlie: Download
David: Login
Alice: Upload
Bob: Logout
Charlie: Login
David: Download
Alice: Download
Bob: Login
Charlie: Logout
David: Upload
Alice: Upload
Bob: Download
Charlie: Login
David: Logout
Alice: Login
Bob: Upload
j.smith: Login
a.jones: Download
m.wilson: Upload
j.smith: Logout
s.miller: Login
a.jones: Login
m.wilson: Download
j.smith: Upload
s.miller: Logout
a.jones: Download
m.wilson: Upload
j.smith: Logout
s.miller: Login
a.jones: Download
m.wilson: Upload
j.smith: Login
s.miller: Logout
a.jones: Upload
m.wilson: Download
j.smith: Login
s.miller: Download
a.jones: Upload
m.wilson: Logout
j.smith: Download
s.miller: Login
a.jones: Upload
m.wilson: Download
j.smith: Logout
s.miller: Login
a.jones: Download
m.wilson: Upload
j.smith: Login
s.miller: Logout
a.jones: Upload
m.wilson: Download
j.smith: Login
s.miller: Download
a.jones: Upload
m.wilson: Logout
j.smith: Download
s.miller: Login
a.jones: Upload
m.wilson: Download
j.smith: Logout
s.miller: Login
a.jones: Download
m.wilson: Upload
j.smith: Login
s.miller: Logout
a.jones: Download
m.wilson: Upload
j.smith: Download
s.miller: Login
a.jones: Upload
m.wilson: Logout
j.smith: Login
s.miller: Download
a.jones: Upload
m.wilson: Download
j.smith: Logout
s.miller: Login
a.jones: Download
AliceJohnson: Login
BobSmith: Download
CharlieDavis: Upload
DavidMiller: Logout
EmilyWilson: Login
FrankJones: Login
GraceSmith: Download
HarryDavis: Upload
IsabelMiller: Logout
JackJones: Download
KellyWilson: Upload
LiamSmith: Logout
NoraMiller: Login
OscarJones: Download
PenelopeDavis: Upload
QuinnWilson: Login
RobertSmith: Logout
SophieMiller: Upload
TomJones: Download
UrsulaDavis: Login
VictorWilson: Download
WendySmith: Upload
XavierMiller: Logout
YvonneJones: Download
ZacharyDavis: Login
AliceWilson: Upload
BobSmith: Download
CharlieJones: Logout
DavidMiller: Login
EmilyWilson: Download
FrankJones: Upload
GraceSmith: Login
HarryDavis: Logout
IsabelMiller: Upload
JackJones: Download
KellyWilson: Login
LiamSmith: Download
NoraMiller: Upload
OscarJones: Logout
PenelopeDavis: Download
QuinnWilson: Login
RobertSmith: Upload
SophieMiller: Download
TomJones: Logout
UrsulaDavis: Login
VictorWilson: Download
WendySmith: Upload
XavierMiller: Login
YvonneJones: Logout
ZacharyDavis: Download
AliceWilson: Upload
BobSmith: Download
CharlieJones: Login
DavidMiller: Logout
EmilyWilson: Download
FrankJones: Upload
GraceSmith: Login
HarryDavis: Download
IsabelMiller: Upload
JackJones: Logout
KellyWilson: Login
LiamSmith: Download
NoraMiller: Upload
OscarJones: Logout
PenelopeDavis: Download
